<?xml version="1.0" encoding="UTF-8"?>
<!-- Generated by org.testng.reporters.JUnitReportReporter -->
<testsuite hostname="DESKTOP-OQ5TDF0" failures="0" tests="1" name="testngPrgrm.ScrollDown__using_javascriptexecutor" time="18.799" errors="0" timestamp="2023-09-28T10:51:06 IST" skipped="0">
  <testcase classname="testngPrgrm.ScrollDown__using_javascriptexecutor" name="ScrolDownTest" time="18.799"/>
  <system-out/>
</testsuite> <!-- testngPrgrm.ScrollDown__using_javascriptexecutor -->
