<?xml version="1.0" encoding="UTF-8"?>
<!-- Generated by org.testng.reporters.JUnitReportReporter -->
<testsuite hostname="DESKTOP-OQ5TDF0" failures="0" tests="1" name="testngPrgrm.Parameterisation" time="0.024" errors="0" timestamp="2023-09-18T09:37:25 IST" skipped="0">
  <testcase classname="testngPrgrm.Parameterisation" name="test" time="0.024"/>
  <system-out/>
</testsuite> <!-- testngPrgrm.Parameterisation -->
