<?xml version="1.0" encoding="UTF-8"?>
<!-- Generated by org.testng.reporters.JUnitReportReporter -->
<testsuite hostname="DESKTOP-OQ5TDF0" failures="0" tests="3" name="testngPrgrm.CrossbrowserTesting" time="12.821" errors="0" timestamp="2023-09-19T10:00:03 IST" skipped="0">
  <testcase classname="testngPrgrm.CrossbrowserTesting" name="test" time="4.898"/>
  <system-out/>
  <testcase classname="testngPrgrm.CrossbrowserTesting" name="test" time="3.491"/>
  <system-out/>
  <testcase classname="testngPrgrm.CrossbrowserTesting" name="test" time="4.432"/>
  <system-out/>
</testsuite> <!-- testngPrgrm.CrossbrowserTesting -->
