<?xml version="1.0" encoding="UTF-8"?>
<!-- Generated by org.testng.reporters.JUnitReportReporter -->
<testsuite hostname="DESKTOP-OQ5TDF0" failures="0" tests="1" name="firstpkg.Keyboard_action" time="4.775" errors="0" timestamp="2023-09-20T09:41:47 IST" skipped="0">
  <testcase classname="firstpkg.Keyboard_action" name="test1" time="4.775"/>
  <system-out/>
</testsuite> <!-- firstpkg.Keyboard_action -->
