<?xml version="1.0" encoding="UTF-8"?>
<!-- Generated by org.testng.reporters.JUnitReportReporter -->
<testsuite hostname="DESKTOP-OQ5TDF0" failures="0" tests="1" name="testngPrgrm.Ebay_waits" time="5.470" errors="0" timestamp="2023-10-25T20:28:27 IST" skipped="0">
  <testcase classname="testngPrgrm.Ebay_waits" name="test" time="5.470"/>
  <system-out/>
</testsuite> <!-- testngPrgrm.Ebay_waits -->
