<?xml version="1.0" encoding="UTF-8"?>
<!-- Generated by org.testng.reporters.JUnitReportReporter -->
<testsuite hostname="DESKTOP-OQ5TDF0" failures="0" tests="5" name="testngPrgrm.TestingDemo" time="0.017" errors="0" timestamp="2023-09-16T10:50:42 IST" skipped="0">
  <testcase classname="testngPrgrm.TestingDemo" name="test2" time="0.006"/>
  <system-out/>
  <testcase classname="testngPrgrm.TestingDemo" name="test1" time="0.003"/>
  <system-out/>
  <testcase classname="testngPrgrm.TestingDemo" name="test3" time="0.003"/>
  <system-out/>
  <testcase classname="testngPrgrm.TestingDemo" name="test3" time="0.003"/>
  <system-out/>
  <testcase classname="testngPrgrm.TestingDemo" name="test3" time="0.002"/>
  <system-out/>
</testsuite> <!-- testngPrgrm.TestingDemo -->
