<?xml version="1.0" encoding="UTF-8"?>
<!-- Generated by org.testng.reporters.JUnitReportReporter -->
<testsuite hostname="DESKTOP-OQ5TDF0" failures="0" tests="1" name="testngPrgrm.Handlemultipletabs" time="4.420" errors="0" timestamp="2023-09-25T10:21:08 IST" skipped="0">
  <testcase classname="testngPrgrm.Handlemultipletabs" name="test" time="4.420"/>
  <system-out/>
</testsuite> <!-- testngPrgrm.Handlemultipletabs -->
