<?xml version="1.0" encoding="UTF-8"?>
<!-- Generated by org.testng.reporters.JUnitReportReporter -->
<testsuite hostname="DESKTOP-OQ5TDF0" failures="0" tests="1" name="Practice.Saucedemo" time="0.293" errors="0" timestamp="2023-09-28T09:46:05 IST" skipped="0">
  <testcase classname="Practice.Saucedemo" name="test" time="0.293"/>
  <system-out/>
</testsuite> <!-- Practice.Saucedemo -->
