<?xml version="1.0" encoding="UTF-8"?>
<!-- Generated by org.testng.reporters.JUnitReportReporter -->
<testsuite hostname="DESKTOP-OQ5TDF0" failures="0" tests="1" name="testngPrgrm.Date_picker" time="3.610" errors="0" timestamp="2023-10-03T09:59:22 IST" skipped="0">
  <testcase classname="testngPrgrm.Date_picker" name="test" time="3.610"/>
  <system-out/>
</testsuite> <!-- testngPrgrm.Date_picker -->
