<?xml version="1.0" encoding="UTF-8"?>
<!-- Generated by org.testng.reporters.JUnitReportReporter -->
<testsuite hostname="DESKTOP-OQ5TDF0" failures="0" tests="4" name="Practice.Ebay" time="0.414" errors="0" timestamp="2023-09-19T10:53:05 IST" skipped="0">
  <testcase classname="Practice.Ebay" name="test2" time="0.046"/>
  <system-out/>
  <testcase classname="Practice.Ebay" name="test4" time="0.176"/>
  <system-out/>
  <testcase classname="Practice.Ebay" name="test1" time="0.128"/>
  <system-out/>
  <testcase classname="Practice.Ebay" name="test3" time="0.064"/>
  <system-out/>
</testsuite> <!-- Practice.Ebay -->
