<?xml version="1.0" encoding="UTF-8"?>
<!-- Generated by org.testng.reporters.JUnitReportReporter -->
<testsuite hostname="DESKTOP-OQ5TDF0" failures="0" tests="1" name="test.Fbcreatepage_test" time="1.241" errors="0" timestamp="2023-09-29T10:32:03 IST" skipped="0">
  <testcase classname="test.Fbcreatepage_test" name="test" time="1.241"/>
  <system-out/>
</testsuite> <!-- test.Fbcreatepage_test -->
