<?xml version="1.0" encoding="UTF-8"?>
<!-- Generated by org.testng.reporters.JUnitReportReporter -->
<testsuite hostname="DESKTOP-OQ5TDF0" failures="0" tests="2" name="Practice.Rediff_checkradiobutton" time="0.086" errors="0" timestamp="2023-09-18T10:53:57 IST" skipped="0">
  <testcase classname="Practice.Rediff_checkradiobutton" name="test1" time="0.058"/>
  <system-out/>
  <testcase classname="Practice.Rediff_checkradiobutton" name="test2" time="0.028"/>
  <system-out/>
</testsuite> <!-- Practice.Rediff_checkradiobutton -->
