<?xml version="1.0" encoding="UTF-8"?>
<!-- Generated by org.testng.reporters.JUnitReportReporter -->
<testsuite hostname="DESKTOP-OQ5TDF0" failures="0" tests="1" name="test.Fblogintest" time="22.694" errors="0" timestamp="2023-09-29T10:10:36 IST" skipped="0">
  <testcase classname="test.Fblogintest" name="test" time="22.694"/>
  <system-out/>
</testsuite> <!-- test.Fblogintest -->
