<?xml version="1.0" encoding="UTF-8"?>
<!-- Generated by org.testng.reporters.JUnitReportReporter -->
<testsuite hostname="DESKTOP-OQ5TDF0" failures="0" tests="1" name="testngPrgrm.Fileupload_robot" time="0.900" errors="0" timestamp="2023-09-22T10:18:15 IST" skipped="0">
  <testcase classname="testngPrgrm.Fileupload_robot" name="test" time="0.900"/>
  <system-out/>
</testsuite> <!-- testngPrgrm.Fileupload_robot -->
