<?xml version="1.0" encoding="UTF-8"?>
<!-- Generated by org.testng.reporters.JUnitReportReporter -->
<testsuite hostname="DESKTOP-OQ5TDF0" failures="0" tests="1" name="testngPrgrm.Apache_exceldemo" time="41.163" errors="0" timestamp="2023-09-26T10:53:35 IST" skipped="0">
  <testcase classname="testngPrgrm.Apache_exceldemo" name="test" time="41.163"/>
  <system-out/>
</testsuite> <!-- testngPrgrm.Apache_exceldemo -->
