<?xml version="1.0" encoding="UTF-8"?>
<!-- Generated by org.testng.reporters.JUnitReportReporter -->
<testsuite hostname="DESKTOP-OQ5TDF0" failures="0" tests="1" name="testngPrgrm.Fb_valuepassinXml" time="0.553" errors="0" timestamp="2023-09-18T10:22:27 IST" skipped="0">
  <testcase classname="testngPrgrm.Fb_valuepassinXml" name="test1" time="0.553"/>
  <system-out/>
</testsuite> <!-- testngPrgrm.Fb_valuepassinXml -->
