<?xml version="1.0" encoding="UTF-8"?>
<!-- Generated by org.testng.reporters.JUnitReportReporter -->
<testsuite hostname="DESKTOP-OQ5TDF0" failures="0" tests="2" name="testngPrgrm.GroupingDemo" time="0.013" errors="0" timestamp="2023-09-16T11:13:29 IST" skipped="0">
  <testcase classname="testngPrgrm.GroupingDemo" name="test2" time="0.002"/>
  <system-out/>
  <testcase classname="testngPrgrm.GroupingDemo" name="test1" time="0.011"/>
  <system-out/>
</testsuite> <!-- testngPrgrm.GroupingDemo -->
