<?xml version="1.0" encoding="UTF-8"?>
<!-- Generated by org.testng.reporters.JUnitReportReporter -->
<testsuite hostname="DESKTOP-OQ5TDF0" failures="0" tests="1" name="testngPrgrm.DragandDrop_Pgrm" time="1.751" errors="0" timestamp="2023-09-21T17:00:37 IST" skipped="0">
  <testcase classname="testngPrgrm.DragandDrop_Pgrm" name="dragandDroptest" time="1.751"/>
  <system-out/>
</testsuite> <!-- testngPrgrm.DragandDrop_Pgrm -->
