<?xml version="1.0" encoding="UTF-8"?>
<!-- Generated by org.testng.reporters.JUnitReportReporter -->
<testsuite hostname="DESKTOP-OQ5TDF0" failures="0" tests="1" name="test.Sauce_logintest" time="10.235" errors="0" timestamp="2023-10-03T11:24:06 IST" skipped="0">
  <testcase classname="test.Sauce_logintest" name="test" time="10.235"/>
  <system-out/>
</testsuite> <!-- test.Sauce_logintest -->
