<?xml version="1.0" encoding="UTF-8"?>
<!-- Generated by org.testng.reporters.JUnitReportReporter -->
<testsuite hostname="DESKTOP-OQ5TDF0" failures="0" tests="1" name="testngPrgrm.Amazon_multiplewindowtest" time="18.350" errors="0" timestamp="2023-09-25T12:14:37 IST" skipped="0">
  <testcase classname="testngPrgrm.Amazon_multiplewindowtest" name="test" time="18.350"/>
  <system-out/>
</testsuite> <!-- testngPrgrm.Amazon_multiplewindowtest -->
