<?xml version="1.0" encoding="UTF-8"?>
<!-- Generated by org.testng.reporters.JUnitReportReporter -->
<testsuite hostname="DESKTOP-OQ5TDF0" failures="0" tests="1" name="testngPrgrm.Blockpopup" time="46.185" errors="0" timestamp="2023-09-28T10:11:03 IST" skipped="0">
  <testcase classname="testngPrgrm.Blockpopup" name="test" time="46.185"/>
  <system-out/>
</testsuite> <!-- testngPrgrm.Blockpopup -->
