<?xml version="1.0" encoding="UTF-8"?>
<!-- Generated by org.testng.reporters.JUnitReportReporter -->
<testsuite hostname="DESKTOP-OQ5TDF0" failures="0" tests="1" name="testngPrgrm.Uploadfiles" time="0.322" errors="0" timestamp="2023-09-22T09:32:57 IST" skipped="0">
  <testcase classname="testngPrgrm.Uploadfiles" name="test" time="0.322"/>
  <system-out/>
</testsuite> <!-- testngPrgrm.Uploadfiles -->
