<?xml version="1.0" encoding="UTF-8"?>
<!-- Generated by org.testng.reporters.JUnitReportReporter -->
<testsuite hostname="DESKTOP-OQ5TDF0" failures="0" tests="1" name="Practice.Rightclick_demo" time="19.782" errors="0" timestamp="2023-09-20T10:31:56 IST" skipped="0">
  <testcase classname="Practice.Rightclick_demo" name="test1" time="19.782"/>
  <system-out/>
</testsuite> <!-- Practice.Rightclick_demo -->
